<?xml version="1.0" encoding="UTF-8"?>
<!-- Generated by org.testng.reporters.JUnitReportReporter -->
<testsuite skipped="0" hostname="LIN57000094" name="com.crm.qa.testcases.LoginPageTest" tests="3" failures="0" timestamp="2020-09-02T02:25:52 IST" time="0.771" errors="0">
  <testcase name="loginPageTileTest" time="0.148" classname="com.crm.qa.testcases.LoginPageTest"/>
  <system-out/>
  <testcase name="classicCRMlnkTest" time="0.150" classname="com.crm.qa.testcases.LoginPageTest"/>
  <system-out/>
  <testcase name="loginTest" time="0.473" classname="com.crm.qa.testcases.LoginPageTest"/>
  <system-out/>
</testsuite> <!-- com.crm.qa.testcases.LoginPageTest -->
