<?xml version="1.0" encoding="UTF-8"?>
<!-- Generated by org.testng.reporters.JUnitReportReporter -->
<testsuite skipped="0" hostname="LIN57000094" name="com.crm.qa.testcases.LoginPageTest" tests="3" failures="0" timestamp="2020-09-01T02:15:25 IST" time="2.631" errors="3">
  <testcase name="loginPageTileTest" time="1.973" classname="com.crm.qa.testcases.LoginPageTest">
    <error type="java.lang.StackOverflowError">
      <![CDATA[java.lang.StackOverflowError
at java.util.regex.Pattern$GroupHead.match(Unknown Source)
at java.util.regex.Pattern$Branch.match(Unknown Source)
at java.util.regex.Pattern$Branch.match(Unknown Source)
at java.util.regex.Pattern$Branch.match(Unknown Source)
at java.util.regex.Pattern$BranchConn.match(Unknown Source)
at java.util.regex.Pattern$GroupTail.match(Unknown Source)
at java.util.regex.Pattern$Curly.match0(Unknown Source)
at java.util.regex.Pattern$Curly.match(Unknown Source)
at java.util.regex.Pattern$GroupHead.match(Unknown Source)
at java.util.regex.Pattern$Branch.match(Unknown Source)
at java.util.regex.Pattern$Branch.match(Unknown Source)
at java.util.regex.Pattern$BmpCharProperty.match(Unknown Source)
at java.util.regex.Pattern$Start.match(Unknown Source)
at java.util.regex.Matcher.search(Unknown Source)
at java.util.regex.Matcher.find(Unknown Source)
at java.util.Formatter.parse(Unknown Source)
at java.util.Formatter.format(Unknown Source)
at java.util.Formatter.format(Unknown Source)
at java.lang.String.format(Unknown Source)
at org.openqa.selenium.BuildInfo.toString(BuildInfo.java:113)
at java.lang.String.valueOf(Unknown Source)
at java.lang.StringBuilder.append(Unknown Source)
at org.openqa.selenium.WebDriverException.createMessage(WebDriverException.java:140)
at org.openqa.selenium.WebDriverException.getMessage(WebDriverException.java:131)
at java.lang.Throwable.getLocalizedMessage(Unknown Source)
at java.lang.Throwable.toString(Unknown Source)
at java.lang.String.valueOf(Unknown Source)
at java.lang.StringBuilder.append(Unknown Source)
at com.crm.qa.util.WebEventListener.onException(WebEventListener.java:66)
at sun.reflect.GeneratedMethodAccessor44.invoke(Unknown Source)
at sun.reflect.DelegatingMethodAccessorImpl.invoke(Unknown Source)
at java.lang.reflect.Method.invoke(Unknown Source)
at org.openqa.selenium.support.events.EventFiringWebDriver.lambda$new$0(EventFiringWebDriver.java:84)
at com.sun.proxy.$Proxy18.onException(Unknown Source)
at org.openqa.selenium.support.events.EventFiringWebDriver.lambda$new$1(EventFiringWebDriver.java:107)
at com.sun.proxy.$Proxy19.getScreenshotAs(Unknown Source)
at org.openqa.selenium.support.events.EventFiringWebDriver.getScreenshotAs(EventFiringWebDriver.java:302)
at com.crm.qa.util.TestUtil.takeScreenshotAtEndOfTest(TestUtil.java:116)
at com.crm.qa.util.WebEventListener.onException(WebEventListener.java:68)
at sun.reflect.GeneratedMethodAccessor44.invoke(Unknown Source)
at sun.reflect.DelegatingMethodAccessorImpl.invoke(Unknown Source)
at java.lang.reflect.Method.invoke(Unknown Source)
at org.openqa.selenium.support.events.EventFiringWebDriver.lambda$new$0(EventFiringWebDriver.java:84)
at com.sun.proxy.$Proxy18.onException(Unknown Source)
at org.openqa.selenium.support.events.EventFiringWebDriver.lambda$new$1(EventFiringWebDriver.java:107)
at com.sun.proxy.$Proxy19.getScreenshotAs(Unknown Source)
at org.openqa.selenium.support.events.EventFiringWebDriver.getScreenshotAs(EventFiringWebDriver.java:302)
at com.crm.qa.util.TestUtil.takeScreenshotAtEndOfTest(TestUtil.java:116)
at com.crm.qa.util.WebEventListener.onException(WebEventListener.java:68)
at sun.reflect.GeneratedMethodAccessor44.invoke(Unknown Source)
at sun.reflect.DelegatingMethodAccessorImpl.invoke(Unknown Source)
at java.lang.reflect.Method.invoke(Unknown Source)
at org.openqa.selenium.support.events.EventFiringWebDriver.lambda$new$0(EventFiringWebDriver.java:84)
at com.sun.proxy.$Proxy18.onException(Unknown Source)
at org.openqa.selenium.support.events.EventFiringWebDriver.lambda$new$1(EventFiringWebDriver.java:107)
at com.sun.proxy.$Proxy19.getScreenshotAs(Unknown Source)
at org.openqa.selenium.support.events.EventFiringWebDriver.getScreenshotAs(EventFiringWebDriver.java:302)
at com.crm.qa.util.TestUtil.takeScreenshotAtEndOfTest(TestUtil.java:116)
at com.crm.qa.util.WebEventListener.onException(WebEventListener.java:68)
at sun.reflect.GeneratedMethodAccessor44.invoke(Unknown Source)
at sun.reflect.DelegatingMethodAccessorImpl.invoke(Unknown Source)
at java.lang.reflect.Method.invoke(Unknown Source)
at org.openqa.selenium.support.events.EventFiringWebDriver.lambda$new$0(EventFiringWebDriver.java:84)
at com.sun.proxy.$Proxy18.onException(Unknown Source)
at org.openqa.selenium.support.events.EventFiringWebDriver.lambda$new$1(EventFiringWebDriver.java:107)
at com.sun.proxy.$Proxy19.getScreenshotAs(Unknown Source)
at org.openqa.selenium.support.events.EventFiringWebDriver.getScreenshotAs(EventFiringWebDriver.java:302)
at com.crm.qa.util.TestUtil.takeScreenshotAtEndOfTest(TestUtil.java:116)
at com.crm.qa.util.WebEventListener.onException(WebEventListener.java:68)
at sun.reflect.GeneratedMethodAccessor44.invoke(Unknown Source)
at sun.reflect.DelegatingMethodAccessorImpl.invoke(Unknown Source)
at java.lang.reflect.Method.invoke(Unknown Source)
at org.openqa.selenium.support.events.EventFiringWebDriver.lambda$new$0(EventFiringWebDriver.java:84)
at com.sun.proxy.$Proxy18.onException(Unknown Source)
at org.openqa.selenium.support.events.EventFiringWebDriver.lambda$new$1(EventFiringWebDriver.java:107)
at com.sun.proxy.$Proxy19.getScreenshotAs(Unknown Source)
at org.openqa.selenium.support.events.EventFiringWebDriver.getScreenshotAs(EventFiringWebDriver.java:302)
at com.crm.qa.util.TestUtil.takeScreenshotAtEndOfTest(TestUtil.java:116)
at com.crm.qa.util.WebEventListener.onException(WebEventListener.java:68)
at sun.reflect.GeneratedMethodAccessor44.invoke(Unknown Source)
at sun.reflect.DelegatingMethodAccessorImpl.invoke(Unknown Source)
at java.lang.reflect.Method.invoke(Unknown Source)
at org.openqa.selenium.support.events.EventFiringWebDriver.lambda$new$0(EventFiringWebDriver.java:84)
at com.sun.proxy.$Proxy18.onException(Unknown Source)
at org.openqa.selenium.support.events.EventFiringWebDriver.lambda$new$1(EventFiringWebDriver.java:107)
at com.sun.proxy.$Proxy19.getScreenshotAs(Unknown Source)
at org.openqa.selenium.support.events.EventFiringWebDriver.getScreenshotAs(EventFiringWebDriver.java:302)
at com.crm.qa.util.TestUtil.takeScreenshotAtEndOfTest(TestUtil.java:116)
at com.crm.qa.util.WebEventListener.onException(WebEventListener.java:68)
at sun.reflect.GeneratedMethodAccessor44.invoke(Unknown Source)
at sun.reflect.DelegatingMethodAccessorImpl.invoke(Unknown Source)
at java.lang.reflect.Method.invoke(Unknown Source)
at org.openqa.selenium.support.events.EventFiringWebDriver.lambda$new$0(EventFiringWebDriver.java:84)
at com.sun.proxy.$Proxy18.onException(Unknown Source)
at org.openqa.selenium.support.events.EventFiringWebDriver.lambda$new$1(EventFiringWebDriver.java:107)
at com.sun.proxy.$Proxy19.getScreenshotAs(Unknown Source)
at org.openqa.selenium.support.events.EventFiringWebDriver.getScreenshotAs(EventFiringWebDriver.java:302)
at com.crm.qa.util.TestUtil.takeScreenshotAtEndOfTest(TestUtil.java:116)
at com.crm.qa.util.WebEventListener.onException(WebEventListener.java:68)
at sun.reflect.GeneratedMethodAccessor44.invoke(Unknown Source)
at sun.reflect.DelegatingMethodAccessorImpl.invoke(Unknown Source)
at java.lang.reflect.Method.invoke(Unknown Source)
at org.openqa.selenium.support.events.EventFiringWebDriver.lambda$new$0(EventFiringWebDriver.java:84)
at com.sun.proxy.$Proxy18.onException(Unknown Source)
at org.openqa.selenium.support.events.EventFiringWebDriver.lambda$new$1(EventFiringWebDriver.java:107)
at com.sun.proxy.$Proxy19.getScreenshotAs(Unknown Source)
at org.openqa.selenium.support.events.EventFiringWebDriver.getScreenshotAs(EventFiringWebDriver.java:302)
at com.crm.qa.util.TestUtil.takeScreenshotAtEndOfTest(TestUtil.java:116)
at com.crm.qa.util.WebEventListener.onException(WebEventListener.java:68)
at sun.reflect.GeneratedMethodAccessor44.invoke(Unknown Source)
at sun.reflect.DelegatingMethodAccessorImpl.invoke(Unknown Source)
at java.lang.reflect.Method.invoke(Unknown Source)
at org.openqa.selenium.support.events.EventFiringWebDriver.lambda$new$0(EventFiringWebDriver.java:84)
at com.sun.proxy.$Proxy18.onException(Unknown Source)
at org.openqa.selenium.support.events.EventFiringWebDriver.lambda$new$1(EventFiringWebDriver.java:107)
at com.sun.proxy.$Proxy19.getScreenshotAs(Unknown Source)
at org.openqa.selenium.support.events.EventFiringWebDriver.getScreenshotAs(EventFiringWebDriver.java:302)
at com.crm.qa.util.TestUtil.takeScreenshotAtEndOfTest(TestUtil.java:116)
at com.crm.qa.util.WebEventListener.onException(WebEventListener.java:68)
at sun.reflect.GeneratedMethodAccessor44.invoke(Unknown Source)
at sun.reflect.DelegatingMethodAccessorImpl.invoke(Unknown Source)
at java.lang.reflect.Method.invoke(Unknown Source)
at org.openqa.selenium.support.events.EventFiringWebDriver.lambda$new$0(EventFiringWebDriver.java:84)
at com.sun.proxy.$Proxy18.onException(Unknown Source)
at org.openqa.selenium.support.events.EventFiringWebDriver.lambda$new$1(EventFiringWebDriver.java:107)
at com.sun.proxy.$Proxy19.getScreenshotAs(Unknown Source)
at org.openqa.selenium.support.events.EventFiringWebDriver.getScreenshotAs(EventFiringWebDriver.java:302)
at com.crm.qa.util.TestUtil.takeScreenshotAtEndOfTest(TestUtil.java:116)
at com.crm.qa.util.WebEventListener.onException(WebEventListener.java:68)
at sun.reflect.GeneratedMethodAccessor44.invoke(Unknown Source)
at sun.reflect.DelegatingMethodAccessorImpl.invoke(Unknown Source)
at java.lang.reflect.Method.invoke(Unknown Source)
at org.openqa.selenium.support.events.EventFiringWebDriver.lambda$new$0(EventFiringWebDriver.java:84)
at com.sun.proxy.$Proxy18.onException(Unknown Source)
at org.openqa.selenium.support.events.EventFiringWebDriver.lambda$new$1(EventFiringWebDriver.java:107)
at com.sun.proxy.$Proxy19.getScreenshotAs(Unknown Source)
at org.openqa.selenium.support.events.EventFiringWebDriver.getScreenshotAs(EventFiringWebDriver.java:302)
at com.crm.qa.util.TestUtil.takeScreenshotAtEndOfTest(TestUtil.java:116)
at com.crm.qa.util.WebEventListener.onException(WebEventListener.java:68)
at sun.reflect.GeneratedMethodAccessor44.invoke(Unknown Source)
at sun.reflect.DelegatingMethodAccessorImpl.invoke(Unknown Source)
at java.lang.reflect.Method.invoke(Unknown Source)
at org.openqa.selenium.support.events.EventFiringWebDriver.lambda$new$0(EventFiringWebDriver.java:84)
at com.sun.proxy.$Proxy18.onException(Unknown Source)
at org.openqa.selenium.support.events.EventFiringWebDriver.lambda$new$1(EventFiringWebDriver.java:107)
at com.sun.proxy.$Proxy19.getScreenshotAs(Unknown Source)
at org.openqa.selenium.support.events.EventFiringWebDriver.getScreenshotAs(EventFiringWebDriver.java:302)
at com.crm.qa.util.TestUtil.takeScreenshotAtEndOfTest(TestUtil.java:116)
at com.crm.qa.util.WebEventListener.onException(WebEventListener.java:68)
at sun.reflect.GeneratedMethodAccessor44.invoke(Unknown Source)
at sun.reflect.DelegatingMethodAccessorImpl.invoke(Unknown Source)
at java.lang.reflect.Method.invoke(Unknown Source)
at org.openqa.selenium.support.events.EventFiringWebDriver.lambda$new$0(EventFiringWebDriver.java:84)
at com.sun.proxy.$Proxy18.onException(Unknown Source)
at org.openqa.selenium.support.events.EventFiringWebDriver.lambda$new$1(EventFiringWebDriver.java:107)
at com.sun.proxy.$Proxy19.getScreenshotAs(Unknown Source)
at org.openqa.selenium.support.events.EventFiringWebDriver.getScreenshotAs(EventFiringWebDriver.java:302)
at com.crm.qa.util.TestUtil.takeScreenshotAtEndOfTest(TestUtil.java:116)
at com.crm.qa.util.WebEventListener.onException(WebEventListener.java:68)
at sun.reflect.GeneratedMethodAccessor44.invoke(Unknown Source)
at sun.reflect.DelegatingMethodAccessorImpl.invoke(Unknown Source)
at java.lang.reflect.Method.invoke(Unknown Source)
at org.openqa.selenium.support.events.EventFiringWebDriver.lambda$new$0(EventFiringWebDriver.java:84)
at com.sun.proxy.$Proxy18.onException(Unknown Source)
at org.openqa.selenium.support.events.EventFiringWebDriver.lambda$new$1(EventFiringWebDriver.java:107)
at com.sun.proxy.$Proxy19.getScreenshotAs(Unknown Source)
at org.openqa.selenium.support.events.EventFiringWebDriver.getScreenshotAs(EventFiringWebDriver.java:302)
at com.crm.qa.util.TestUtil.takeScreenshotAtEndOfTest(TestUtil.java:116)
at com.crm.qa.util.WebEventListener.onException(WebEventListener.java:68)
at sun.reflect.GeneratedMethodAccessor44.invoke(Unknown Source)
at sun.reflect.DelegatingMethodAccessorImpl.invoke(Unknown Source)
at java.lang.reflect.Method.invoke(Unknown Source)
at org.openqa.selenium.support.events.EventFiringWebDriver.lambda$new$0(EventFiringWebDriver.java:84)
at com.sun.proxy.$Proxy18.onException(Unknown Source)
at org.openqa.selenium.support.events.EventFiringWebDriver.lambda$new$1(EventFiringWebDriver.java:107)
at com.sun.proxy.$Proxy19.getScreenshotAs(Unknown Source)
at org.openqa.selenium.support.events.EventFiringWebDriver.getScreenshotAs(EventFiringWebDriver.java:302)
at com.crm.qa.util.TestUtil.takeScreenshotAtEndOfTest(TestUtil.java:116)
at com.crm.qa.util.WebEventListener.onException(WebEventListener.java:68)
at sun.reflect.GeneratedMethodAccessor44.invoke(Unknown Source)
at sun.reflect.DelegatingMethodAccessorImpl.invoke(Unknown Source)
at java.lang.reflect.Method.invoke(Unknown Source)
at org.openqa.selenium.support.events.EventFiringWebDriver.lambda$new$0(EventFiringWebDriver.java:84)
at com.sun.proxy.$Proxy18.onException(Unknown Source)
at org.openqa.selenium.support.events.EventFiringWebDriver.lambda$new$1(EventFiringWebDriver.java:107)
at com.sun.proxy.$Proxy19.getScreenshotAs(Unknown Source)
at org.openqa.selenium.support.events.EventFiringWebDriver.getScreenshotAs(EventFiringWebDriver.java:302)
at com.crm.qa.util.TestUtil.takeScreenshotAtEndOfTest(TestUtil.java:116)
at com.crm.qa.util.WebEventListener.onException(WebEventListener.java:68)
at sun.reflect.GeneratedMethodAccessor44.invoke(Unknown Source)
at sun.reflect.DelegatingMethodAccessorImpl.invoke(Unknown Source)
at java.lang.reflect.Method.invoke(Unknown Source)
at org.openqa.selenium.support.events.EventFiringWebDriver.lambda$new$0(EventFiringWebDriver.java:84)
at com.sun.proxy.$Proxy18.onException(Unknown Source)
at org.openqa.selenium.support.events.EventFiringWebDriver.lambda$new$1(EventFiringWebDriver.java:107)
at com.sun.proxy.$Proxy19.getScreenshotAs(Unknown Source)
at org.openqa.selenium.support.events.EventFiringWebDriver.getScreenshotAs(EventFiringWebDriver.java:302)
at com.crm.qa.util.TestUtil.takeScreenshotAtEndOfTest(TestUtil.java:116)
at com.crm.qa.util.WebEventListener.onException(WebEventListener.java:68)
at sun.reflect.GeneratedMethodAccessor44.invoke(Unknown Source)
at sun.reflect.DelegatingMethodAccessorImpl.invoke(Unknown Source)
at java.lang.reflect.Method.invoke(Unknown Source)
at org.openqa.selenium.support.events.EventFiringWebDriver.lambda$new$0(EventFiringWebDriver.java:84)
at com.sun.proxy.$Proxy18.onException(Unknown Source)
at org.openqa.selenium.support.events.EventFiringWebDriver.lambda$new$1(EventFiringWebDriver.java:107)
at com.sun.proxy.$Proxy19.getScreenshotAs(Unknown Source)
at org.openqa.selenium.support.events.EventFiringWebDriver.getScreenshotAs(EventFiringWebDriver.java:302)
at com.crm.qa.util.TestUtil.takeScreenshotAtEndOfTest(TestUtil.java:116)
at com.crm.qa.util.WebEventListener.onException(WebEventListener.java:68)
at sun.reflect.GeneratedMethodAccessor44.invoke(Unknown Source)
at sun.reflect.DelegatingMethodAccessorImpl.invoke(Unknown Source)
at java.lang.reflect.Method.invoke(Unknown Source)
at org.openqa.selenium.support.events.EventFiringWebDriver.lambda$new$0(EventFiringWebDriver.java:84)
at com.sun.proxy.$Proxy18.onException(Unknown Source)
at org.openqa.selenium.support.events.EventFiringWebDriver.lambda$new$1(EventFiringWebDriver.java:107)
at com.sun.proxy.$Proxy19.getScreenshotAs(Unknown Source)
at org.openqa.selenium.support.events.EventFiringWebDriver.getScreenshotAs(EventFiringWebDriver.java:302)
at com.crm.qa.util.TestUtil.takeScreenshotAtEndOfTest(TestUtil.java:116)
at com.crm.qa.util.WebEventListener.onException(WebEventListener.java:68)
at sun.reflect.GeneratedMethodAccessor44.invoke(Unknown Source)
at sun.reflect.DelegatingMethodAccessorImpl.invoke(Unknown Source)
at java.lang.reflect.Method.invoke(Unknown Source)
at org.openqa.selenium.support.events.EventFiringWebDriver.lambda$new$0(EventFiringWebDriver.java:84)
at com.sun.proxy.$Proxy18.onException(Unknown Source)
at org.openqa.selenium.support.events.EventFiringWebDriver.lambda$new$1(EventFiringWebDriver.java:107)
at com.sun.proxy.$Proxy19.getScreenshotAs(Unknown Source)
at org.openqa.selenium.support.events.EventFiringWebDriver.getScreenshotAs(EventFiringWebDriver.java:302)
at com.crm.qa.util.TestUtil.takeScreenshotAtEndOfTest(TestUtil.java:116)
at com.crm.qa.util.WebEventListener.onException(WebEventListener.java:68)
at sun.reflect.GeneratedMethodAccessor44.invoke(Unknown Source)
at sun.reflect.DelegatingMethodAccessorImpl.invoke(Unknown Source)
at java.lang.reflect.Method.invoke(Unknown Source)
at org.openqa.selenium.support.events.EventFiringWebDriver.lambda$new$0(EventFiringWebDriver.java:84)
at com.sun.proxy.$Proxy18.onException(Unknown Source)
at org.openqa.selenium.support.events.EventFiringWebDriver.lambda$new$1(EventFiringWebDriver.java:107)
at com.sun.proxy.$Proxy19.getScreenshotAs(Unknown Source)
at org.openqa.selenium.support.events.EventFiringWebDriver.getScreenshotAs(EventFiringWebDriver.java:302)
at com.crm.qa.util.TestUtil.takeScreenshotAtEndOfTest(TestUtil.java:116)
at com.crm.qa.util.WebEventListener.onException(WebEventListener.java:68)
at sun.reflect.GeneratedMethodAccessor44.invoke(Unknown Source)
at sun.reflect.DelegatingMethodAccessorImpl.invoke(Unknown Source)
at java.lang.reflect.Method.invoke(Unknown Source)
at org.openqa.selenium.support.events.EventFiringWebDriver.lambda$new$0(EventFiringWebDriver.java:84)
at com.sun.proxy.$Proxy18.onException(Unknown Source)
at org.openqa.selenium.support.events.EventFiringWebDriver.lambda$new$1(EventFiringWebDriver.java:107)
at com.sun.proxy.$Proxy19.getScreenshotAs(Unknown Source)
at org.openqa.selenium.support.events.EventFiringWebDriver.getScreenshotAs(EventFiringWebDriver.java:302)
at com.crm.qa.util.TestUtil.takeScreenshotAtEndOfTest(TestUtil.java:116)
at com.crm.qa.util.WebEventListener.onException(WebEventListener.java:68)
at sun.reflect.GeneratedMethodAccessor44.invoke(Unknown Source)
at sun.reflect.DelegatingMethodAccessorImpl.invoke(Unknown Source)
at java.lang.reflect.Method.invoke(Unknown Source)
at org.openqa.selenium.support.events.EventFiringWebDriver.lambda$new$0(EventFiringWebDriver.java:84)
at com.sun.proxy.$Proxy18.onException(Unknown Source)
at org.openqa.selenium.support.events.EventFiringWebDriver.lambda$new$1(EventFiringWebDriver.java:107)
at com.sun.proxy.$Proxy19.getScreenshotAs(Unknown Source)
at org.openqa.selenium.support.events.EventFiringWebDriver.getScreenshotAs(EventFiringWebDriver.java:302)
at com.crm.qa.util.TestUtil.takeScreenshotAtEndOfTest(TestUtil.java:116)
at com.crm.qa.util.WebEventListener.onException(WebEventListener.java:68)
at sun.reflect.GeneratedMethodAccessor44.invoke(Unknown Source)
at sun.reflect.DelegatingMethodAccessorImpl.invoke(Unknown Source)
at java.lang.reflect.Method.invoke(Unknown Source)
at org.openqa.selenium.support.events.EventFiringWebDriver.lambda$new$0(EventFiringWebDriver.java:84)
at com.sun.proxy.$Proxy18.onException(Unknown Source)
at org.openqa.selenium.support.events.EventFiringWebDriver.lambda$new$1(EventFiringWebDriver.java:107)
at com.sun.proxy.$Proxy19.getScreenshotAs(Unknown Source)
at org.openqa.selenium.support.events.EventFiringWebDriver.getScreenshotAs(EventFiringWebDriver.java:302)
at com.crm.qa.util.TestUtil.takeScreenshotAtEndOfTest(TestUtil.java:116)
at com.crm.qa.util.WebEventListener.onException(WebEventListener.java:68)
at sun.reflect.GeneratedMethodAccessor44.invoke(Unknown Source)
at sun.reflect.DelegatingMethodAccessorImpl.invoke(Unknown Source)
at java.lang.reflect.Method.invoke(Unknown Source)
at org.openqa.selenium.support.events.EventFiringWebDriver.lambda$new$0(EventFiringWebDriver.java:84)
at com.sun.proxy.$Proxy18.onException(Unknown Source)
at org.openqa.selenium.support.events.EventFiringWebDriver.lambda$new$1(EventFiringWebDriver.java:107)
at com.sun.proxy.$Proxy19.getScreenshotAs(Unknown Source)
at org.openqa.selenium.support.events.EventFiringWebDriver.getScreenshotAs(EventFiringWebDriver.java:302)
at com.crm.qa.util.TestUtil.takeScreenshotAtEndOfTest(TestUtil.java:116)
at com.crm.qa.util.WebEventListener.onException(WebEventListener.java:68)
at sun.reflect.GeneratedMethodAccessor44.invoke(Unknown Source)
at sun.reflect.DelegatingMethodAccessorImpl.invoke(Unknown Source)
at java.lang.reflect.Method.invoke(Unknown Source)
at org.openqa.selenium.support.events.EventFiringWebDriver.lambda$new$0(EventFiringWebDriver.java:84)
at com.sun.proxy.$Proxy18.onException(Unknown Source)
at org.openqa.selenium.support.events.EventFiringWebDriver.lambda$new$1(EventFiringWebDriver.java:107)
at com.sun.proxy.$Proxy19.getScreenshotAs(Unknown Source)
at org.openqa.selenium.support.events.EventFiringWebDriver.getScreenshotAs(EventFiringWebDriver.java:302)
at com.crm.qa.util.TestUtil.takeScreenshotAtEndOfTest(TestUtil.java:116)
at com.crm.qa.util.WebEventListener.onException(WebEventListener.java:68)
at sun.reflect.GeneratedMethodAccessor44.invoke(Unknown Source)
at sun.reflect.DelegatingMethodAccessorImpl.invoke(Unknown Source)
at java.lang.reflect.Method.invoke(Unknown Source)
at org.openqa.selenium.support.events.EventFiringWebDriver.lambda$new$0(EventFiringWebDriver.java:84)
at com.sun.proxy.$Proxy18.onException(Unknown Source)
at org.openqa.selenium.support.events.EventFiringWebDriver.lambda$new$1(EventFiringWebDriver.java:107)
at com.sun.proxy.$Proxy19.getScreenshotAs(Unknown Source)
at org.openqa.selenium.support.events.EventFiringWebDriver.getScreenshotAs(EventFiringWebDriver.java:302)
at com.crm.qa.util.TestUtil.takeScreenshotAtEndOfTest(TestUtil.java:116)
at com.crm.qa.util.WebEventListener.onException(WebEventListener.java:68)
at sun.reflect.GeneratedMethodAccessor44.invoke(Unknown Source)
at sun.reflect.DelegatingMethodAccessorImpl.invoke(Unknown Source)
at java.lang.reflect.Method.invoke(Unknown Source)
at org.openqa.selenium.support.events.EventFiringWebDriver.lambda$new$0(EventFiringWebDriver.java:84)
at com.sun.proxy.$Proxy18.onException(Unknown Source)
at org.openqa.selenium.support.events.EventFiringWebDriver.lambda$new$1(EventFiringWebDriver.java:107)
at com.sun.proxy.$Proxy19.getScreenshotAs(Unknown Source)
at org.openqa.selenium.support.events.EventFiringWebDriver.getScreenshotAs(EventFiringWebDriver.java:302)
at com.crm.qa.util.TestUtil.takeScreenshotAtEndOfTest(TestUtil.java:116)
at com.crm.qa.util.WebEventListener.onException(WebEventListener.java:68)
at sun.reflect.GeneratedMethodAccessor44.invoke(Unknown Source)
at sun.reflect.DelegatingMethodAccessorImpl.invoke(Unknown Source)
at java.lang.reflect.Method.invoke(Unknown Source)
at org.openqa.selenium.support.events.EventFiringWebDriver.lambda$new$0(EventFiringWebDriver.java:84)
at com.sun.proxy.$Proxy18.onException(Unknown Source)
at org.openqa.selenium.support.events.EventFiringWebDriver.lambda$new$1(EventFiringWebDriver.java:107)
at com.sun.proxy.$Proxy19.getScreenshotAs(Unknown Source)
at org.openqa.selenium.support.events.EventFiringWebDriver.getScreenshotAs(EventFiringWebDriver.java:302)
at com.crm.qa.util.TestUtil.takeScreenshotAtEndOfTest(TestUtil.java:116)
at com.crm.qa.util.WebEventListener.onException(WebEventListener.java:68)
at sun.reflect.GeneratedMethodAccessor44.invoke(Unknown Source)
at sun.reflect.DelegatingMethodAccessorImpl.invoke(Unknown Source)
at java.lang.reflect.Method.invoke(Unknown Source)
at org.openqa.selenium.support.events.EventFiringWebDriver.lambda$new$0(EventFiringWebDriver.java:84)
at com.sun.proxy.$Proxy18.onException(Unknown Source)
at org.openqa.selenium.support.events.EventFiringWebDriver.lambda$new$1(EventFiringWebDriver.java:107)
at com.sun.proxy.$Proxy19.getScreenshotAs(Unknown Source)
at org.openqa.selenium.support.events.EventFiringWebDriver.getScreenshotAs(EventFiringWebDriver.java:302)
at com.crm.qa.util.TestUtil.takeScreenshotAtEndOfTest(TestUtil.java:116)
at com.crm.qa.util.WebEventListener.onException(WebEventListener.java:68)
at sun.reflect.GeneratedMethodAccessor44.invoke(Unknown Source)
at sun.reflect.DelegatingMethodAccessorImpl.invoke(Unknown Source)
at java.lang.reflect.Method.invoke(Unknown Source)
at org.openqa.selenium.support.events.EventFiringWebDriver.lambda$new$0(EventFiringWebDriver.java:84)
at com.sun.proxy.$Proxy18.onException(Unknown Source)
at org.openqa.selenium.support.events.EventFiringWebDriver.lambda$new$1(EventFiringWebDriver.java:107)
at com.sun.proxy.$Proxy19.getScreenshotAs(Unknown Source)
at org.openqa.selenium.support.events.EventFiringWebDriver.getScreenshotAs(EventFiringWebDriver.java:302)
at com.crm.qa.util.TestUtil.takeScreenshotAtEndOfTest(TestUtil.java:116)
at com.crm.qa.util.WebEventListener.onException(WebEventListener.java:68)
at sun.reflect.GeneratedMethodAccessor44.invoke(Unknown Source)
at sun.reflect.DelegatingMethodAccessorImpl.invoke(Unknown Source)
at java.lang.reflect.Method.invoke(Unknown Source)
at org.openqa.selenium.support.events.EventFiringWebDriver.lambda$new$0(EventFiringWebDriver.java:84)
at com.sun.proxy.$Proxy18.onException(Unknown Source)
at org.openqa.selenium.support.events.EventFiringWebDriver.lambda$new$1(EventFiringWebDriver.java:107)
at com.sun.proxy.$Proxy19.getScreenshotAs(Unknown Source)
at org.openqa.selenium.support.events.EventFiringWebDriver.getScreenshotAs(EventFiringWebDriver.java:302)
at com.crm.qa.util.TestUtil.takeScreenshotAtEndOfTest(TestUtil.java:116)
at com.crm.qa.util.WebEventListener.onException(WebEventListener.java:68)
at sun.reflect.GeneratedMethodAccessor44.invoke(Unknown Source)
at sun.reflect.DelegatingMethodAccessorImpl.invoke(Unknown Source)
at java.lang.reflect.Method.invoke(Unknown Source)
at org.openqa.selenium.support.events.EventFiringWebDriver.lambda$new$0(EventFiringWebDriver.java:84)
at com.sun.proxy.$Proxy18.onException(Unknown Source)
at org.openqa.selenium.support.events.EventFiringWebDriver.lambda$new$1(EventFiringWebDriver.java:107)
at com.sun.proxy.$Proxy19.getScreenshotAs(Unknown Source)
at org.openqa.selenium.support.events.EventFiringWebDriver.getScreenshotAs(EventFiringWebDriver.java:302)
at com.crm.qa.util.TestUtil.takeScreenshotAtEndOfTest(TestUtil.java:116)
at com.crm.qa.util.WebEventListener.onException(WebEventListener.java:68)
at sun.reflect.GeneratedMethodAccessor44.invoke(Unknown Source)
at sun.reflect.DelegatingMethodAccessorImpl.invoke(Unknown Source)
at java.lang.reflect.Method.invoke(Unknown Source)
at org.openqa.selenium.support.events.EventFiringWebDriver.lambda$new$0(EventFiringWebDriver.java:84)
at com.sun.proxy.$Proxy18.onException(Unknown Source)
at org.openqa.selenium.support.events.EventFiringWebDriver.lambda$new$1(EventFiringWebDriver.java:107)
at com.sun.proxy.$Proxy19.getScreenshotAs(Unknown Source)
at org.openqa.selenium.support.events.EventFiringWebDriver.getScreenshotAs(EventFiringWebDriver.java:302)
at com.crm.qa.util.TestUtil.takeScreenshotAtEndOfTest(TestUtil.java:116)
at com.crm.qa.util.WebEventListener.onException(WebEventListener.java:68)
at sun.reflect.GeneratedMethodAccessor44.invoke(Unknown Source)
at sun.reflect.DelegatingMethodAccessorImpl.invoke(Unknown Source)
at java.lang.reflect.Method.invoke(Unknown Source)
at org.openqa.selenium.support.events.EventFiringWebDriver.lambda$new$0(EventFiringWebDriver.java:84)
at com.sun.proxy.$Proxy18.onException(Unknown Source)
at org.openqa.selenium.support.events.EventFiringWebDriver.lambda$new$1(EventFiringWebDriver.java:107)
at com.sun.proxy.$Proxy19.getScreenshotAs(Unknown Source)
at org.openqa.selenium.support.events.EventFiringWebDriver.getScreenshotAs(EventFiringWebDriver.java:302)
at com.crm.qa.util.TestUtil.takeScreenshotAtEndOfTest(TestUtil.java:116)
at com.crm.qa.util.WebEventListener.onException(WebEventListener.java:68)
at sun.reflect.GeneratedMethodAccessor44.invoke(Unknown Source)
at sun.reflect.DelegatingMethodAccessorImpl.invoke(Unknown Source)
at java.lang.reflect.Method.invoke(Unknown Source)
at org.openqa.selenium.support.events.EventFiringWebDriver.lambda$new$0(EventFiringWebDriver.java:84)
at com.sun.proxy.$Proxy18.onException(Unknown Source)
at org.openqa.selenium.support.events.EventFiringWebDriver.lambda$new$1(EventFiringWebDriver.java:107)
at com.sun.proxy.$Proxy19.getScreenshotAs(Unknown Source)
at org.openqa.selenium.support.events.EventFiringWebDriver.getScreenshotAs(EventFiringWebDriver.java:302)
at com.crm.qa.util.TestUtil.takeScreenshotAtEndOfTest(TestUtil.java:116)
at com.crm.qa.util.WebEventListener.onException(WebEventListener.java:68)
at sun.reflect.GeneratedMethodAccessor44.invoke(Unknown Source)
at sun.reflect.DelegatingMethodAccessorImpl.invoke(Unknown Source)
at java.lang.reflect.Method.invoke(Unknown Source)
at org.openqa.selenium.support.events.EventFiringWebDriver.lambda$new$0(EventFiringWebDriver.java:84)
at com.sun.proxy.$Proxy18.onException(Unknown Source)
at org.openqa.selenium.support.events.EventFiringWebDriver.lambda$new$1(EventFiringWebDriver.java:107)
at com.sun.proxy.$Proxy19.getScreenshotAs(Unknown Source)
at org.openqa.selenium.support.events.EventFiringWebDriver.getScreenshotAs(EventFiringWebDriver.java:302)
at com.crm.qa.util.TestUtil.takeScreenshotAtEndOfTest(TestUtil.java:116)
at com.crm.qa.util.WebEventListener.onException(WebEventListener.java:68)
at sun.reflect.GeneratedMethodAccessor44.invoke(Unknown Source)
at sun.reflect.DelegatingMethodAccessorImpl.invoke(Unknown Source)
at java.lang.reflect.Method.invoke(Unknown Source)
at org.openqa.selenium.support.events.EventFiringWebDriver.lambda$new$0(EventFiringWebDriver.java:84)
at com.sun.proxy.$Proxy18.onException(Unknown Source)
at org.openqa.selenium.support.events.EventFiringWebDriver.lambda$new$1(EventFiringWebDriver.java:107)
at com.sun.proxy.$Proxy19.getScreenshotAs(Unknown Source)
at org.openqa.selenium.support.events.EventFiringWebDriver.getScreenshotAs(EventFiringWebDriver.java:302)
at com.crm.qa.util.TestUtil.takeScreenshotAtEndOfTest(TestUtil.java:116)
at com.crm.qa.util.WebEventListener.onException(WebEventListener.java:68)
at sun.reflect.GeneratedMethodAccessor44.invoke(Unknown Source)
at sun.reflect.DelegatingMethodAccessorImpl.invoke(Unknown Source)
at java.lang.reflect.Method.invoke(Unknown Source)
at org.openqa.selenium.support.events.EventFiringWebDriver.lambda$new$0(EventFiringWebDriver.java:84)
at com.sun.proxy.$Proxy18.onException(Unknown Source)
at org.openqa.selenium.support.events.EventFiringWebDriver.lambda$new$1(EventFiringWebDriver.java:107)
at com.sun.proxy.$Proxy19.getScreenshotAs(Unknown Source)
at org.openqa.selenium.support.events.EventFiringWebDriver.getScreenshotAs(EventFiringWebDriver.java:302)
at com.crm.qa.util.TestUtil.takeScreenshotAtEndOfTest(TestUtil.java:116)
at com.crm.qa.util.WebEventListener.onException(WebEventListener.java:68)
at sun.reflect.GeneratedMethodAccessor44.invoke(Unknown Source)
at sun.reflect.DelegatingMethodAccessorImpl.invoke(Unknown Source)
at java.lang.reflect.Method.invoke(Unknown Source)
at org.openqa.selenium.support.events.EventFiringWebDriver.lambda$new$0(EventFiringWebDriver.java:84)
at com.sun.proxy.$Proxy18.onException(Unknown Source)
at org.openqa.selenium.support.events.EventFiringWebDriver.lambda$new$1(EventFiringWebDriver.java:107)
at com.sun.proxy.$Proxy19.getScreenshotAs(Unknown Source)
at org.openqa.selenium.support.events.EventFiringWebDriver.getScreenshotAs(EventFiringWebDriver.java:302)
at com.crm.qa.util.TestUtil.takeScreenshotAtEndOfTest(TestUtil.java:116)
at com.crm.qa.util.WebEventListener.onException(WebEventListener.java:68)
at sun.reflect.GeneratedMethodAccessor44.invoke(Unknown Source)
at sun.reflect.DelegatingMethodAccessorImpl.invoke(Unknown Source)
at java.lang.reflect.Method.invoke(Unknown Source)
at org.openqa.selenium.support.events.EventFiringWebDriver.lambda$new$0(EventFiringWebDriver.java:84)
at com.sun.proxy.$Proxy18.onException(Unknown Source)
at org.openqa.selenium.support.events.EventFiringWebDriver.lambda$new$1(EventFiringWebDriver.java:107)
at com.sun.proxy.$Proxy19.getScreenshotAs(Unknown Source)
at org.openqa.selenium.support.events.EventFiringWebDriver.getScreenshotAs(EventFiringWebDriver.java:302)
at com.crm.qa.util.TestUtil.takeScreenshotAtEndOfTest(TestUtil.java:116)
at com.crm.qa.util.WebEventListener.onException(WebEventListener.java:68)
at sun.reflect.GeneratedMethodAccessor44.invoke(Unknown Source)
at sun.reflect.DelegatingMethodAccessorImpl.invoke(Unknown Source)
at java.lang.reflect.Method.invoke(Unknown Source)
at org.openqa.selenium.support.events.EventFiringWebDriver.lambda$new$0(EventFiringWebDriver.java:84)
at com.sun.proxy.$Proxy18.onException(Unknown Source)
at org.openqa.selenium.support.events.EventFiringWebDriver.lambda$new$1(EventFiringWebDriver.java:107)
at com.sun.proxy.$Proxy19.getScreenshotAs(Unknown Source)
at org.openqa.selenium.support.events.EventFiringWebDriver.getScreenshotAs(EventFiringWebDriver.java:302)
at com.crm.qa.util.TestUtil.takeScreenshotAtEndOfTest(TestUtil.java:116)
at com.crm.qa.util.WebEventListener.onException(WebEventListener.java:68)
at sun.reflect.GeneratedMethodAccessor44.invoke(Unknown Source)
at sun.reflect.DelegatingMethodAccessorImpl.invoke(Unknown Source)
at java.lang.reflect.Method.invoke(Unknown Source)
at org.openqa.selenium.support.events.EventFiringWebDriver.lambda$new$0(EventFiringWebDriver.java:84)
at com.sun.proxy.$Proxy18.onException(Unknown Source)
at org.openqa.selenium.support.events.EventFiringWebDriver.lambda$new$1(EventFiringWebDriver.java:107)
at com.sun.proxy.$Proxy19.getScreenshotAs(Unknown Source)
at org.openqa.selenium.support.events.EventFiringWebDriver.getScreenshotAs(EventFiringWebDriver.java:302)
at com.crm.qa.util.TestUtil.takeScreenshotAtEndOfTest(TestUtil.java:116)
at com.crm.qa.util.WebEventListener.onException(WebEventListener.java:68)
at sun.reflect.GeneratedMethodAccessor44.invoke(Unknown Source)
at sun.reflect.DelegatingMethodAccessorImpl.invoke(Unknown Source)
at java.lang.reflect.Method.invoke(Unknown Source)
at org.openqa.selenium.support.events.EventFiringWebDriver.lambda$new$0(EventFiringWebDriver.java:84)
at com.sun.proxy.$Proxy18.onException(Unknown Source)
at org.openqa.selenium.support.events.EventFiringWebDriver.lambda$new$1(EventFiringWebDriver.java:107)
at com.sun.proxy.$Proxy19.getScreenshotAs(Unknown Source)
at org.openqa.selenium.support.events.EventFiringWebDriver.getScreenshotAs(EventFiringWebDriver.java:302)
at com.crm.qa.util.TestUtil.takeScreenshotAtEndOfTest(TestUtil.java:116)
at com.crm.qa.util.WebEventListener.onException(WebEventListener.java:68)
at sun.reflect.GeneratedMethodAccessor44.invoke(Unknown Source)
at sun.reflect.DelegatingMethodAccessorImpl.invoke(Unknown Source)
at java.lang.reflect.Method.invoke(Unknown Source)
at org.openqa.selenium.support.events.EventFiringWebDriver.lambda$new$0(EventFiringWebDriver.java:84)
at com.sun.proxy.$Proxy18.onException(Unknown Source)
at org.openqa.selenium.support.events.EventFiringWebDriver.lambda$new$1(EventFiringWebDriver.java:107)
at com.sun.proxy.$Proxy19.getScreenshotAs(Unknown Source)
at org.openqa.selenium.support.events.EventFiringWebDriver.getScreenshotAs(EventFiringWebDriver.java:302)
at com.crm.qa.util.TestUtil.takeScreenshotAtEndOfTest(TestUtil.java:116)
at com.crm.qa.util.WebEventListener.onException(WebEventListener.java:68)
at sun.reflect.GeneratedMethodAccessor44.invoke(Unknown Source)
at sun.reflect.DelegatingMethodAccessorImpl.invoke(Unknown Source)
at java.lang.reflect.Method.invoke(Unknown Source)
at org.openqa.selenium.support.events.EventFiringWebDriver.lambda$new$0(EventFiringWebDriver.java:84)
at com.sun.proxy.$Proxy18.onException(Unknown Source)
at org.openqa.selenium.support.events.EventFiringWebDriver.lambda$new$1(EventFiringWebDriver.java:107)
at com.sun.proxy.$Proxy19.getScreenshotAs(Unknown Source)
at org.openqa.selenium.support.events.EventFiringWebDriver.getScreenshotAs(EventFiringWebDriver.java:302)
at com.crm.qa.util.TestUtil.takeScreenshotAtEndOfTest(TestUtil.java:116)
at com.crm.qa.util.WebEventListener.onException(WebEventListener.java:68)
at sun.reflect.GeneratedMethodAccessor44.invoke(Unknown Source)
at sun.reflect.DelegatingMethodAccessorImpl.invoke(Unknown Source)
at java.lang.reflect.Method.invoke(Unknown Source)
at org.openqa.selenium.support.events.EventFiringWebDriver.lambda$new$0(EventFiringWebDriver.java:84)
at com.sun.proxy.$Proxy18.onException(Unknown Source)
at org.openqa.selenium.support.events.EventFiringWebDriver.lambda$new$1(EventFiringWebDriver.java:107)
at com.sun.proxy.$Proxy19.getScreenshotAs(Unknown Source)
at org.openqa.selenium.support.events.EventFiringWebDriver.getScreenshotAs(EventFiringWebDriver.java:302)
at com.crm.qa.util.TestUtil.takeScreenshotAtEndOfTest(TestUtil.java:116)
at com.crm.qa.util.WebEventListener.onException(WebEventListener.java:68)
at sun.reflect.GeneratedMethodAccessor44.invoke(Unknown Source)
at sun.reflect.DelegatingMethodAccessorImpl.invoke(Unknown Source)
at java.lang.reflect.Method.invoke(Unknown Source)
at org.openqa.selenium.support.events.EventFiringWebDriver.lambda$new$0(EventFiringWebDriver.java:84)
at com.sun.proxy.$Proxy18.onException(Unknown Source)
at org.openqa.selenium.support.events.EventFiringWebDriver.lambda$new$1(EventFiringWebDriver.java:107)
at com.sun.proxy.$Proxy19.getScreenshotAs(Unknown Source)
at org.openqa.selenium.support.events.EventFiringWebDriver.getScreenshotAs(EventFiringWebDriver.java:302)
at com.crm.qa.util.TestUtil.takeScreenshotAtEndOfTest(TestUtil.java:116)
at com.crm.qa.util.WebEventListener.onException(WebEventListener.java:68)
at sun.reflect.GeneratedMethodAccessor44.invoke(Unknown Source)
at sun.reflect.DelegatingMethodAccessorImpl.invoke(Unknown Source)
at java.lang.reflect.Method.invoke(Unknown Source)
at org.openqa.selenium.support.events.EventFiringWebDriver.lambda$new$0(EventFiringWebDriver.java:84)
at com.sun.proxy.$Proxy18.onException(Unknown Source)
at org.openqa.selenium.support.events.EventFiringWebDriver.lambda$new$1(EventFiringWebDriver.java:107)
at com.sun.proxy.$Proxy19.getScreenshotAs(Unknown Source)
at org.openqa.selenium.support.events.EventFiringWebDriver.getScreenshotAs(EventFiringWebDriver.java:302)
at com.crm.qa.util.TestUtil.takeScreenshotAtEndOfTest(TestUtil.java:116)
at com.crm.qa.util.WebEventListener.onException(WebEventListener.java:68)
at sun.reflect.GeneratedMethodAccessor44.invoke(Unknown Source)
at sun.reflect.DelegatingMethodAccessorImpl.invoke(Unknown Source)
at java.lang.reflect.Method.invoke(Unknown Source)
at org.openqa.selenium.support.events.EventFiringWebDriver.lambda$new$0(EventFiringWebDriver.java:84)
at com.sun.proxy.$Proxy18.onException(Unknown Source)
at org.openqa.selenium.support.events.EventFiringWebDriver.lambda$new$1(EventFiringWebDriver.java:107)
at com.sun.proxy.$Proxy19.getScreenshotAs(Unknown Source)
at org.openqa.selenium.support.events.EventFiringWebDriver.getScreenshotAs(EventFiringWebDriver.java:302)
at com.crm.qa.util.TestUtil.takeScreenshotAtEndOfTest(TestUtil.java:116)
at com.crm.qa.util.WebEventListener.onException(WebEventListener.java:68)
at sun.reflect.GeneratedMethodAccessor44.invoke(Unknown Source)
at sun.reflect.DelegatingMethodAccessorImpl.invoke(Unknown Source)
at java.lang.reflect.Method.invoke(Unknown Source)
at org.openqa.selenium.support.events.EventFiringWebDriver.lambda$new$0(EventFiringWebDriver.java:84)
at com.sun.proxy.$Proxy18.onException(Unknown Source)
at org.openqa.selenium.support.events.EventFiringWebDriver.lambda$new$1(EventFiringWebDriver.java:107)
at com.sun.proxy.$Proxy19.getScreenshotAs(Unknown Source)
at org.openqa.selenium.support.events.EventFiringWebDriver.getScreenshotAs(EventFiringWebDriver.java:302)
at com.crm.qa.util.TestUtil.takeScreenshotAtEndOfTest(TestUtil.java:116)
at com.crm.qa.util.WebEventListener.onException(WebEventListener.java:68)
at sun.reflect.GeneratedMethodAccessor44.invoke(Unknown Source)
at sun.reflect.DelegatingMethodAccessorImpl.invoke(Unknown Source)
at java.lang.reflect.Method.invoke(Unknown Source)
at org.openqa.selenium.support.events.EventFiringWebDriver.lambda$new$0(EventFiringWebDriver.java:84)
at com.sun.proxy.$Proxy18.onException(Unknown Source)
at org.openqa.selenium.support.events.EventFiringWebDriver.lambda$new$1(EventFiringWebDriver.java:107)
at com.sun.proxy.$Proxy19.getScreenshotAs(Unknown Source)
at org.openqa.selenium.support.events.EventFiringWebDriver.getScreenshotAs(EventFiringWebDriver.java:302)
at com.crm.qa.util.TestUtil.takeScreenshotAtEndOfTest(TestUtil.java:116)
at com.crm.qa.util.WebEventListener.onException(WebEventListener.java:68)
at sun.reflect.GeneratedMethodAccessor44.invoke(Unknown Source)
at sun.reflect.DelegatingMethodAccessorImpl.invoke(Unknown Source)
at java.lang.reflect.Method.invoke(Unknown Source)
at org.openqa.selenium.support.events.EventFiringWebDriver.lambda$new$0(EventFiringWebDriver.java:84)
at com.sun.proxy.$Proxy18.onException(Unknown Source)
at org.openqa.selenium.support.events.EventFiringWebDriver.lambda$new$1(EventFiringWebDriver.java:107)
at com.sun.proxy.$Proxy19.getScreenshotAs(Unknown Source)
at org.openqa.selenium.support.events.EventFiringWebDriver.getScreenshotAs(EventFiringWebDriver.java:302)
at com.crm.qa.util.TestUtil.takeScreenshotAtEndOfTest(TestUtil.java:116)
at com.crm.qa.util.WebEventListener.onException(WebEventListener.java:68)
at sun.reflect.GeneratedMethodAccessor44.invoke(Unknown Source)
at sun.reflect.DelegatingMethodAccessorImpl.invoke(Unknown Source)
at java.lang.reflect.Method.invoke(Unknown Source)
at org.openqa.selenium.support.events.EventFiringWebDriver.lambda$new$0(EventFiringWebDriver.java:84)
at com.sun.proxy.$Proxy18.onException(Unknown Source)
at org.openqa.selenium.support.events.EventFiringWebDriver.lambda$new$1(EventFiringWebDriver.java:107)
at com.sun.proxy.$Proxy19.getScreenshotAs(Unknown Source)
at org.openqa.selenium.support.events.EventFiringWebDriver.getScreenshotAs(EventFiringWebDriver.java:302)
at com.crm.qa.util.TestUtil.takeScreenshotAtEndOfTest(TestUtil.java:116)
at com.crm.qa.util.WebEventListener.onException(WebEventListener.java:68)
at sun.reflect.GeneratedMethodAccessor44.invoke(Unknown Source)
at sun.reflect.DelegatingMethodAccessorImpl.invoke(Unknown Source)
at java.lang.reflect.Method.invoke(Unknown Source)
at org.openqa.selenium.support.events.EventFiringWebDriver.lambda$new$0(EventFiringWebDriver.java:84)
at com.sun.proxy.$Proxy18.onException(Unknown Source)
at org.openqa.selenium.support.events.EventFiringWebDriver.lambda$new$1(EventFiringWebDriver.java:107)
at com.sun.proxy.$Proxy19.getScreenshotAs(Unknown Source)
at org.openqa.selenium.support.events.EventFiringWebDriver.getScreenshotAs(EventFiringWebDriver.java:302)
at com.crm.qa.util.TestUtil.takeScreenshotAtEndOfTest(TestUtil.java:116)
at com.crm.qa.util.WebEventListener.onException(WebEventListener.java:68)
at sun.reflect.GeneratedMethodAccessor44.invoke(Unknown Source)
at sun.reflect.DelegatingMethodAccessorImpl.invoke(Unknown Source)
at java.lang.reflect.Method.invoke(Unknown Source)
at org.openqa.selenium.support.events.EventFiringWebDriver.lambda$new$0(EventFiringWebDriver.java:84)
at com.sun.proxy.$Proxy18.onException(Unknown Source)
at org.openqa.selenium.support.events.EventFiringWebDriver.lambda$new$1(EventFiringWebDriver.java:107)
at com.sun.proxy.$Proxy19.getScreenshotAs(Unknown Source)
at org.openqa.selenium.support.events.EventFiringWebDriver.getScreenshotAs(EventFiringWebDriver.java:302)
at com.crm.qa.util.TestUtil.takeScreenshotAtEndOfTest(TestUtil.java:116)
at com.crm.qa.util.WebEventListener.onException(WebEventListener.java:68)
at sun.reflect.GeneratedMethodAccessor44.invoke(Unknown Source)
at sun.reflect.DelegatingMethodAccessorImpl.invoke(Unknown Source)
at java.lang.reflect.Method.invoke(Unknown Source)
at org.openqa.selenium.support.events.EventFiringWebDriver.lambda$new$0(EventFiringWebDriver.java:84)
at com.sun.proxy.$Proxy18.onException(Unknown Source)
at org.openqa.selenium.support.events.EventFiringWebDriver.lambda$new$1(EventFiringWebDriver.java:107)
at com.sun.proxy.$Proxy19.getScreenshotAs(Unknown Source)
at org.openqa.selenium.support.events.EventFiringWebDriver.getScreenshotAs(EventFiringWebDriver.java:302)
at com.crm.qa.util.TestUtil.takeScreenshotAtEndOfTest(TestUtil.java:116)
at com.crm.qa.util.WebEventListener.onException(WebEventListener.java:68)
at sun.reflect.GeneratedMethodAccessor44.invoke(Unknown Source)
at sun.reflect.DelegatingMethodAccessorImpl.invoke(Unknown Source)
at java.lang.reflect.Method.invoke(Unknown Source)
at org.openqa.selenium.support.events.EventFiringWebDriver.lambda$new$0(EventFiringWebDriver.java:84)
at com.sun.proxy.$Proxy18.onException(Unknown Source)
at org.openqa.selenium.support.events.EventFiringWebDriver.lambda$new$1(EventFiringWebDriver.java:107)
at com.sun.proxy.$Proxy19.getScreenshotAs(Unknown Source)
at org.openqa.selenium.support.events.EventFiringWebDriver.getScreenshotAs(EventFiringWebDriver.java:302)
at com.crm.qa.util.TestUtil.takeScreenshotAtEndOfTest(TestUtil.java:116)
at com.crm.qa.util.WebEventListener.onException(WebEventListener.java:68)
at sun.reflect.GeneratedMethodAccessor44.invoke(Unknown Source)
at sun.reflect.DelegatingMethodAccessorImpl.invoke(Unknown Source)
at java.lang.reflect.Method.invoke(Unknown Source)
at org.openqa.selenium.support.events.EventFiringWebDriver.lambda$new$0(EventFiringWebDriver.java:84)
at com.sun.proxy.$Proxy18.onException(Unknown Source)
at org.openqa.selenium.support.events.EventFiringWebDriver.lambda$new$1(EventFiringWebDriver.java:107)
at com.sun.proxy.$Proxy19.getScreenshotAs(Unknown Source)
at org.openqa.selenium.support.events.EventFiringWebDriver.getScreenshotAs(EventFiringWebDriver.java:302)
at com.crm.qa.util.TestUtil.takeScreenshotAtEndOfTest(TestUtil.java:116)
at com.crm.qa.util.WebEventListener.onException(WebEventListener.java:68)
at sun.reflect.GeneratedMethodAccessor44.invoke(Unknown Source)
at sun.reflect.DelegatingMethodAccessorImpl.invoke(Unknown Source)
at java.lang.reflect.Method.invoke(Unknown Source)
at org.openqa.selenium.support.events.EventFiringWebDriver.lambda$new$0(EventFiringWebDriver.java:84)
at com.sun.proxy.$Proxy18.onException(Unknown Source)
at org.openqa.selenium.support.events.EventFiringWebDriver.lambda$new$1(EventFiringWebDriver.java:107)
at com.sun.proxy.$Proxy19.getScreenshotAs(Unknown Source)
at org.openqa.selenium.support.events.EventFiringWebDriver.getScreenshotAs(EventFiringWebDriver.java:302)
at com.crm.qa.util.TestUtil.takeScreenshotAtEndOfTest(TestUtil.java:116)
at com.crm.qa.util.WebEventListener.onException(WebEventListener.java:68)
at sun.reflect.GeneratedMethodAccessor44.invoke(Unknown Source)
at sun.reflect.DelegatingMethodAccessorImpl.invoke(Unknown Source)
at java.lang.reflect.Method.invoke(Unknown Source)
at org.openqa.selenium.support.events.EventFiringWebDriver.lambda$new$0(EventFiringWebDriver.java:84)
at com.sun.proxy.$Proxy18.onException(Unknown Source)
at org.openqa.selenium.support.events.EventFiringWebDriver.lambda$new$1(EventFiringWebDriver.java:107)
at com.sun.proxy.$Proxy19.getScreenshotAs(Unknown Source)
at org.openqa.selenium.support.events.EventFiringWebDriver.getScreenshotAs(EventFiringWebDriver.java:302)
at com.crm.qa.util.TestUtil.takeScreenshotAtEndOfTest(TestUtil.java:116)
at com.crm.qa.util.WebEventListener.onException(WebEventListener.java:68)
at sun.reflect.GeneratedMethodAccessor44.invoke(Unknown Source)
at sun.reflect.DelegatingMethodAccessorImpl.invoke(Unknown Source)
at java.lang.reflect.Method.invoke(Unknown Source)
at org.openqa.selenium.support.events.EventFiringWebDriver.lambda$new$0(EventFiringWebDriver.java:84)
at com.sun.proxy.$Proxy18.onException(Unknown Source)
at org.openqa.selenium.support.events.EventFiringWebDriver.lambda$new$1(EventFiringWebDriver.java:107)
at com.sun.proxy.$Proxy19.getScreenshotAs(Unknown Source)
at org.openqa.selenium.support.events.EventFiringWebDriver.getScreenshotAs(EventFiringWebDriver.java:302)
at com.crm.qa.util.TestUtil.takeScreenshotAtEndOfTest(TestUtil.java:116)
at com.crm.qa.util.WebEventListener.onException(WebEventListener.java:68)
at sun.reflect.GeneratedMethodAccessor44.invoke(Unknown Source)
at sun.reflect.DelegatingMethodAccessorImpl.invoke(Unknown Source)
at java.lang.reflect.Method.invoke(Unknown Source)
at org.openqa.selenium.support.events.EventFiringWebDriver.lambda$new$0(EventFiringWebDriver.java:84)
at com.sun.proxy.$Proxy18.onException(Unknown Source)
at org.openqa.selenium.support.events.EventFiringWebDriver.lambda$new$1(EventFiringWebDriver.java:107)
at com.sun.proxy.$Proxy19.getScreenshotAs(Unknown Source)
at org.openqa.selenium.support.events.EventFiringWebDriver.getScreenshotAs(EventFiringWebDriver.java:302)
at com.crm.qa.util.TestUtil.takeScreenshotAtEndOfTest(TestUtil.java:116)
at com.crm.qa.util.WebEventListener.onException(WebEventListener.java:68)
at sun.reflect.GeneratedMethodAccessor44.invoke(Unknown Source)
at sun.reflect.DelegatingMethodAccessorImpl.invoke(Unknown Source)
at java.lang.reflect.Method.invoke(Unknown Source)
at org.openqa.selenium.support.events.EventFiringWebDriver.lambda$new$0(EventFiringWebDriver.java:84)
at com.sun.proxy.$Proxy18.onException(Unknown Source)
at org.openqa.selenium.support.events.EventFiringWebDriver.lambda$new$1(EventFiringWebDriver.java:107)
at com.sun.proxy.$Proxy19.getScreenshotAs(Unknown Source)
at org.openqa.selenium.support.events.EventFiringWebDriver.getScreenshotAs(EventFiringWebDriver.java:302)
at com.crm.qa.util.TestUtil.takeScreenshotAtEndOfTest(TestUtil.java:116)
at com.crm.qa.util.WebEventListener.onException(WebEventListener.java:68)
at sun.reflect.GeneratedMethodAccessor44.invoke(Unknown Source)
at sun.reflect.DelegatingMethodAccessorImpl.invoke(Unknown Source)
at java.lang.reflect.Method.invoke(Unknown Source)
at org.openqa.selenium.support.events.EventFiringWebDriver.lambda$new$0(EventFiringWebDriver.java:84)
at com.sun.proxy.$Proxy18.onException(Unknown Source)
at org.openqa.selenium.support.events.EventFiringWebDriver.lambda$new$1(EventFiringWebDriver.java:107)
at com.sun.proxy.$Proxy19.getScreenshotAs(Unknown Source)
at org.openqa.selenium.support.events.EventFiringWebDriver.getScreenshotAs(EventFiringWebDriver.java:302)
at com.crm.qa.util.TestUtil.takeScreenshotAtEndOfTest(TestUtil.java:116)
at com.crm.qa.util.WebEventListener.onException(WebEventListener.java:68)
at sun.reflect.GeneratedMethodAccessor44.invoke(Unknown Source)
at sun.reflect.DelegatingMethodAccessorImpl.invoke(Unknown Source)
at java.lang.reflect.Method.invoke(Unknown Source)
at org.openqa.selenium.support.events.EventFiringWebDriver.lambda$new$0(EventFiringWebDriver.java:84)
at com.sun.proxy.$Proxy18.onException(Unknown Source)
at org.openqa.selenium.support.events.EventFiringWebDriver.lambda$new$1(EventFiringWebDriver.java:107)
at com.sun.proxy.$Proxy19.getScreenshotAs(Unknown Source)
at org.openqa.selenium.support.events.EventFiringWebDriver.getScreenshotAs(EventFiringWebDriver.java:302)
at com.crm.qa.util.TestUtil.takeScreenshotAtEndOfTest(TestUtil.java:116)
at com.crm.qa.util.WebEventListener.onException(WebEventListener.java:68)
at sun.reflect.GeneratedMethodAccessor44.invoke(Unknown Source)
at sun.reflect.DelegatingMethodAccessorImpl.invoke(Unknown Source)
at java.lang.reflect.Method.invoke(Unknown Source)
at org.openqa.selenium.support.events.EventFiringWebDriver.lambda$new$0(EventFiringWebDriver.java:84)
at com.sun.proxy.$Proxy18.onException(Unknown Source)
at org.openqa.selenium.support.events.EventFiringWebDriver.lambda$new$1(EventFiringWebDriver.java:107)
at com.sun.proxy.$Proxy19.getScreenshotAs(Unknown Source)
at org.openqa.selenium.support.events.EventFiringWebDriver.getScreenshotAs(EventFiringWebDriver.java:302)
at com.crm.qa.util.TestUtil.takeScreenshotAtEndOfTest(TestUtil.java:116)
at com.crm.qa.util.WebEventListener.onException(WebEventListener.java:68)
at sun.reflect.GeneratedMethodAccessor44.invoke(Unknown Source)
at sun.reflect.DelegatingMethodAccessorImpl.invoke(Unknown Source)
at java.lang.reflect.Method.invoke(Unknown Source)
at org.openqa.selenium.support.events.EventFiringWebDriver.lambda$new$0(EventFiringWebDriver.java:84)
at com.sun.proxy.$Proxy18.onException(Unknown Source)
at org.openqa.selenium.support.events.EventFiringWebDriver.lambda$new$1(EventFiringWebDriver.java:107)
at com.sun.proxy.$Proxy19.getScreenshotAs(Unknown Source)
at org.openqa.selenium.support.events.EventFiringWebDriver.getScreenshotAs(EventFiringWebDriver.java:302)
at com.crm.qa.util.TestUtil.takeScreenshotAtEndOfTest(TestUtil.java:116)
at com.crm.qa.util.WebEventListener.onException(WebEventListener.java:68)
at sun.reflect.GeneratedMethodAccessor44.invoke(Unknown Source)
at sun.reflect.DelegatingMethodAccessorImpl.invoke(Unknown Source)
at java.lang.reflect.Method.invoke(Unknown Source)
at org.openqa.selenium.support.events.EventFiringWebDriver.lambda$new$0(EventFiringWebDriver.java:84)
at com.sun.proxy.$Proxy18.onException(Unknown Source)
at org.openqa.selenium.support.events.EventFiringWebDriver.lambda$new$1(EventFiringWebDriver.java:107)
at com.sun.proxy.$Proxy19.getScreenshotAs(Unknown Source)
at org.openqa.selenium.support.events.EventFiringWebDriver.getScreenshotAs(EventFiringWebDriver.java:302)
at com.crm.qa.util.TestUtil.takeScreenshotAtEndOfTest(TestUtil.java:116)
at com.crm.qa.util.WebEventListener.onException(WebEventListener.java:68)
at sun.reflect.GeneratedMethodAccessor44.invoke(Unknown Source)
at sun.reflect.DelegatingMethodAccessorImpl.invoke(Unknown Source)
at java.lang.reflect.Method.invoke(Unknown Source)
at org.openqa.selenium.support.events.EventFiringWebDriver.lambda$new$0(EventFiringWebDriver.java:84)
at com.sun.proxy.$Proxy18.onException(Unknown Source)
at org.openqa.selenium.support.events.EventFiringWebDriver.lambda$new$1(EventFiringWebDriver.java:107)
at com.sun.proxy.$Proxy19.getScreenshotAs(Unknown Source)
at org.openqa.selenium.support.events.EventFiringWebDriver.getScreenshotAs(EventFiringWebDriver.java:302)
at com.crm.qa.util.TestUtil.takeScreenshotAtEndOfTest(TestUtil.java:116)
at com.crm.qa.util.WebEventListener.onException(WebEventListener.java:68)
at sun.reflect.GeneratedMethodAccessor44.invoke(Unknown Source)
at sun.reflect.DelegatingMethodAccessorImpl.invoke(Unknown Source)
at java.lang.reflect.Method.invoke(Unknown Source)
at org.openqa.selenium.support.events.EventFiringWebDriver.lambda$new$0(EventFiringWebDriver.java:84)
at com.sun.proxy.$Proxy18.onException(Unknown Source)
at org.openqa.selenium.support.events.EventFiringWebDriver.lambda$new$1(EventFiringWebDriver.java:107)
at com.sun.proxy.$Proxy19.getScreenshotAs(Unknown Source)
at org.openqa.selenium.support.events.EventFiringWebDriver.getScreenshotAs(EventFiringWebDriver.java:302)
at com.crm.qa.util.TestUtil.takeScreenshotAtEndOfTest(TestUtil.java:116)
at com.crm.qa.util.WebEventListener.onException(WebEventListener.java:68)
at sun.reflect.GeneratedMethodAccessor44.invoke(Unknown Source)
at sun.reflect.DelegatingMethodAccessorImpl.invoke(Unknown Source)
at java.lang.reflect.Method.invoke(Unknown Source)
at org.openqa.selenium.support.events.EventFiringWebDriver.lambda$new$0(EventFiringWebDriver.java:84)
at com.sun.proxy.$Proxy18.onException(Unknown Source)
at org.openqa.selenium.support.events.EventFiringWebDriver.lambda$new$1(EventFiringWebDriver.java:107)
at com.sun.proxy.$Proxy19.getScreenshotAs(Unknown Source)
at org.openqa.selenium.support.events.EventFiringWebDriver.getScreenshotAs(EventFiringWebDriver.java:302)
at com.crm.qa.util.TestUtil.takeScreenshotAtEndOfTest(TestUtil.java:116)
at com.crm.qa.util.WebEventListener.onException(WebEventListener.java:68)
at sun.reflect.GeneratedMethodAccessor44.invoke(Unknown Source)
at sun.reflect.DelegatingMethodAccessorImpl.invoke(Unknown Source)
at java.lang.reflect.Method.invoke(Unknown Source)
at org.openqa.selenium.support.events.EventFiringWebDriver.lambda$new$0(EventFiringWebDriver.java:84)
at com.sun.proxy.$Proxy18.onException(Unknown Source)
at org.openqa.selenium.support.events.EventFiringWebDriver.lambda$new$1(EventFiringWebDriver.java:107)
at com.sun.proxy.$Proxy19.getScreenshotAs(Unknown Source)
at org.openqa.selenium.support.events.EventFiringWebDriver.getScreenshotAs(EventFiringWebDriver.java:302)
at com.crm.qa.util.TestUtil.takeScreenshotAtEndOfTest(TestUtil.java:116)
at com.crm.qa.util.WebEventListener.onException(WebEventListener.java:68)
at sun.reflect.GeneratedMethodAccessor44.invoke(Unknown Source)
at sun.reflect.DelegatingMethodAccessorImpl.invoke(Unknown Source)
at java.lang.reflect.Method.invoke(Unknown Source)
at org.openqa.selenium.support.events.EventFiringWebDriver.lambda$new$0(EventFiringWebDriver.java:84)
at com.sun.proxy.$Proxy18.onException(Unknown Source)
at org.openqa.selenium.support.events.EventFiringWebDriver.lambda$new$1(EventFiringWebDriver.java:107)
at com.sun.proxy.$Proxy19.getScreenshotAs(Unknown Source)
at org.openqa.selenium.support.events.EventFiringWebDriver.getScreenshotAs(EventFiringWebDriver.java:302)
at com.crm.qa.util.TestUtil.takeScreenshotAtEndOfTest(TestUtil.java:116)
at com.crm.qa.util.WebEventListener.onException(WebEventListener.java:68)
at sun.reflect.GeneratedMethodAccessor44.invoke(Unknown Source)
at sun.reflect.DelegatingMethodAccessorImpl.invoke(Unknown Source)
at java.lang.reflect.Method.invoke(Unknown Source)
at org.openqa.selenium.support.events.EventFiringWebDriver.lambda$new$0(EventFiringWebDriver.java:84)
at com.sun.proxy.$Proxy18.onException(Unknown Source)
at org.openqa.selenium.support.events.EventFiringWebDriver.lambda$new$1(EventFiringWebDriver.java:107)
at com.sun.proxy.$Proxy19.getScreenshotAs(Unknown Source)
at org.openqa.selenium.support.events.EventFiringWebDriver.getScreenshotAs(EventFiringWebDriver.java:302)
at com.crm.qa.util.TestUtil.takeScreenshotAtEndOfTest(TestUtil.java:116)
at com.crm.qa.util.WebEventListener.onException(WebEventListener.java:68)
at sun.reflect.GeneratedMethodAccessor44.invoke(Unknown Source)
at sun.reflect.DelegatingMethodAccessorImpl.invoke(Unknown Source)
at java.lang.reflect.Method.invoke(Unknown Source)
at org.openqa.selenium.support.events.EventFiringWebDriver.lambda$new$0(EventFiringWebDriver.java:84)
at com.sun.proxy.$Proxy18.onException(Unknown Source)
at org.openqa.selenium.support.events.EventFiringWebDriver.lambda$new$1(EventFiringWebDriver.java:107)
at com.sun.proxy.$Proxy19.getScreenshotAs(Unknown Source)
at org.openqa.selenium.support.events.EventFiringWebDriver.getScreenshotAs(EventFiringWebDriver.java:302)
at com.crm.qa.util.TestUtil.takeScreenshotAtEndOfTest(TestUtil.java:116)
at com.crm.qa.util.WebEventListener.onException(WebEventListener.java:68)
at sun.reflect.GeneratedMethodAccessor44.invoke(Unknown Source)
at sun.reflect.DelegatingMethodAccessorImpl.invoke(Unknown Source)
at java.lang.reflect.Method.invoke(Unknown Source)
at org.openqa.selenium.support.events.EventFiringWebDriver.lambda$new$0(EventFiringWebDriver.java:84)
at com.sun.proxy.$Proxy18.onException(Unknown Source)
at org.openqa.selenium.support.events.EventFiringWebDriver.lambda$new$1(EventFiringWebDriver.java:107)
at com.sun.proxy.$Proxy19.getScreenshotAs(Unknown Source)
at org.openqa.selenium.support.events.EventFiringWebDriver.getScreenshotAs(EventFiringWebDriver.java:302)
at com.crm.qa.util.TestUtil.takeScreenshotAtEndOfTest(TestUtil.java:116)
at com.crm.qa.util.WebEventListener.onException(WebEventListener.java:68)
at sun.reflect.GeneratedMethodAccessor44.invoke(Unknown Source)
at sun.reflect.DelegatingMethodAccessorImpl.invoke(Unknown Source)
at java.lang.reflect.Method.invoke(Unknown Source)
at org.openqa.selenium.support.events.EventFiringWebDriver.lambda$new$0(EventFiringWebDriver.java:84)
at com.sun.proxy.$Proxy18.onException(Unknown Source)
at org.openqa.selenium.support.events.EventFiringWebDriver.lambda$new$1(EventFiringWebDriver.java:107)
at com.sun.proxy.$Proxy19.getScreenshotAs(Unknown Source)
at org.openqa.selenium.support.events.EventFiringWebDriver.getScreenshotAs(EventFiringWebDriver.java:302)
at com.crm.qa.util.TestUtil.takeScreenshotAtEndOfTest(TestUtil.java:116)
at com.crm.qa.util.WebEventListener.onException(WebEventListener.java:68)
at sun.reflect.GeneratedMethodAccessor44.invoke(Unknown Source)
at sun.reflect.DelegatingMethodAccessorImpl.invoke(Unknown Source)
at java.lang.reflect.Method.invoke(Unknown Source)
at org.openqa.selenium.support.events.EventFiringWebDriver.lambda$new$0(EventFiringWebDriver.java:84)
at com.sun.proxy.$Proxy18.onException(Unknown Source)
at org.openqa.selenium.support.events.EventFiringWebDriver.lambda$new$1(EventFiringWebDriver.java:107)
at com.sun.proxy.$Proxy19.getScreenshotAs(Unknown Source)
at org.openqa.selenium.support.events.EventFiringWebDriver.getScreenshotAs(EventFiringWebDriver.java:302)
at com.crm.qa.util.TestUtil.takeScreenshotAtEndOfTest(TestUtil.java:116)
at com.crm.qa.util.WebEventListener.onException(WebEventListener.java:68)
at sun.reflect.GeneratedMethodAccessor44.invoke(Unknown Source)
at sun.reflect.DelegatingMethodAccessorImpl.invoke(Unknown Source)
at java.lang.reflect.Method.invoke(Unknown Source)
at org.openqa.selenium.support.events.EventFiringWebDriver.lambda$new$0(EventFiringWebDriver.java:84)
at com.sun.proxy.$Proxy18.onException(Unknown Source)
at org.openqa.selenium.support.events.EventFiringWebDriver.lambda$new$1(EventFiringWebDriver.java:107)
at com.sun.proxy.$Proxy19.getScreenshotAs(Unknown Source)
at org.openqa.selenium.support.events.EventFiringWebDriver.getScreenshotAs(EventFiringWebDriver.java:302)
at com.crm.qa.util.TestUtil.takeScreenshotAtEndOfTest(TestUtil.java:116)
at com.crm.qa.util.WebEventListener.onException(WebEventListener.java:68)
at sun.reflect.GeneratedMethodAccessor44.invoke(Unknown Source)
at sun.reflect.DelegatingMethodAccessorImpl.invoke(Unknown Source)
at java.lang.reflect.Method.invoke(Unknown Source)
at org.openqa.selenium.support.events.EventFiringWebDriver.lambda$new$0(EventFiringWebDriver.java:84)
at com.sun.proxy.$Proxy18.onException(Unknown Source)
at org.openqa.selenium.support.events.EventFiringWebDriver.lambda$new$1(EventFiringWebDriver.java:107)
at com.sun.proxy.$Proxy19.getScreenshotAs(Unknown Source)
at org.openqa.selenium.support.events.EventFiringWebDriver.getScreenshotAs(EventFiringWebDriver.java:302)
at com.crm.qa.util.TestUtil.takeScreenshotAtEndOfTest(TestUtil.java:116)
at com.crm.qa.util.WebEventListener.onException(WebEventListener.java:68)
at sun.reflect.GeneratedMethodAccessor44.invoke(Unknown Source)
at sun.reflect.DelegatingMethodAccessorImpl.invoke(Unknown Source)
at java.lang.reflect.Method.invoke(Unknown Source)
at org.openqa.selenium.support.events.EventFiringWebDriver.lambda$new$0(EventFiringWebDriver.java:84)
at com.sun.proxy.$Proxy18.onException(Unknown Source)
at org.openqa.selenium.support.events.EventFiringWebDriver.lambda$new$1(EventFiringWebDriver.java:107)
at com.sun.proxy.$Proxy19.getScreenshotAs(Unknown Source)
at org.openqa.selenium.support.events.EventFiringWebDriver.getScreenshotAs(EventFiringWebDriver.java:302)
at com.crm.qa.util.TestUtil.takeScreenshotAtEndOfTest(TestUtil.java:116)
at com.crm.qa.util.WebEventListener.onException(WebEventListener.java:68)
at sun.reflect.GeneratedMethodAccessor44.invoke(Unknown Source)
at sun.reflect.DelegatingMethodAccessorImpl.invoke(Unknown Source)
at java.lang.reflect.Method.invoke(Unknown Source)
at org.openqa.selenium.support.events.EventFiringWebDriver.lambda$new$0(EventFiringWebDriver.java:84)
at com.sun.proxy.$Proxy18.onException(Unknown Source)
at org.openqa.selenium.support.events.EventFiringWebDriver.lambda$new$1(EventFiringWebDriver.java:107)
at com.sun.proxy.$Proxy19.getScreenshotAs(Unknown Source)
at org.openqa.selenium.support.events.EventFiringWebDriver.getScreenshotAs(EventFiringWebDriver.java:302)
at com.crm.qa.util.TestUtil.takeScreenshotAtEndOfTest(TestUtil.java:116)
at com.crm.qa.util.WebEventListener.onException(WebEventListener.java:68)
at sun.reflect.GeneratedMethodAccessor44.invoke(Unknown Source)
at sun.reflect.DelegatingMethodAccessorImpl.invoke(Unknown Source)
at java.lang.reflect.Method.invoke(Unknown Source)
at org.openqa.selenium.support.events.EventFiringWebDriver.lambda$new$0(EventFiringWebDriver.java:84)
at com.sun.proxy.$Proxy18.onException(Unknown Source)
at org.openqa.selenium.support.events.EventFiringWebDriver.lambda$new$1(EventFiringWebDriver.java:107)
at com.sun.proxy.$Proxy19.getScreenshotAs(Unknown Source)
at org.openqa.selenium.support.events.EventFiringWebDriver.getScreenshotAs(EventFiringWebDriver.java:302)
at com.crm.qa.util.TestUtil.takeScreenshotAtEndOfTest(TestUtil.java:116)
at com.crm.qa.util.WebEventListener.onException(WebEventListener.java:68)
at sun.reflect.GeneratedMethodAccessor44.invoke(Unknown Source)
at sun.reflect.DelegatingMethodAccessorImpl.invoke(Unknown Source)
at java.lang.reflect.Method.invoke(Unknown Source)
at org.openqa.selenium.support.events.EventFiringWebDriver.lambda$new$0(EventFiringWebDriver.java:84)
at com.sun.proxy.$Proxy18.onException(Unknown Source)
at org.openqa.selenium.support.events.EventFiringWebDriver.lambda$new$1(EventFiringWebDriver.java:107)
at com.sun.proxy.$Proxy19.getScreenshotAs(Unknown Source)
at org.openqa.selenium.support.events.EventFiringWebDriver.getScreenshotAs(EventFiringWebDriver.java:302)
at com.crm.qa.util.TestUtil.takeScreenshotAtEndOfTest(TestUtil.java:116)
at com.crm.qa.util.WebEventListener.onException(WebEventListener.java:68)
at sun.reflect.GeneratedMethodAccessor44.invoke(Unknown Source)
at sun.reflect.DelegatingMethodAccessorImpl.invoke(Unknown Source)
at java.lang.reflect.Method.invoke(Unknown Source)
at org.openqa.selenium.support.events.EventFiringWebDriver.lambda$new$0(EventFiringWebDriver.java:84)
at com.sun.proxy.$Proxy18.onException(Unknown Source)
at org.openqa.selenium.support.events.EventFiringWebDriver.lambda$new$1(EventFiringWebDriver.java:107)
at com.sun.proxy.$Proxy19.getScreenshotAs(Unknown Source)
at org.openqa.selenium.support.events.EventFiringWebDriver.getScreenshotAs(EventFiringWebDriver.java:302)
at com.crm.qa.util.TestUtil.takeScreenshotAtEndOfTest(TestUtil.java:116)
at com.crm.qa.util.WebEventListener.onException(WebEventListener.java:68)
at sun.reflect.GeneratedMethodAccessor44.invoke(Unknown Source)
at sun.reflect.DelegatingMethodAccessorImpl.invoke(Unknown Source)
at java.lang.reflect.Method.invoke(Unknown Source)
at org.openqa.selenium.support.events.EventFiringWebDriver.lambda$new$0(EventFiringWebDriver.java:84)
at com.sun.proxy.$Proxy18.onException(Unknown Source)
at org.openqa.selenium.support.events.EventFiringWebDriver.lambda$new$1(EventFiringWebDriver.java:107)
at com.sun.proxy.$Proxy19.getScreenshotAs(Unknown Source)
at org.openqa.selenium.support.events.EventFiringWebDriver.getScreenshotAs(EventFiringWebDriver.java:302)
at com.crm.qa.util.TestUtil.takeScreenshotAtEndOfTest(TestUtil.java:116)
at com.crm.qa.util.WebEventListener.onException(WebEventListener.java:68)
at sun.reflect.GeneratedMethodAccessor44.invoke(Unknown Source)
at sun.reflect.DelegatingMethodAccessorImpl.invoke(Unknown Source)
at java.lang.reflect.Method.invoke(Unknown Source)
at org.openqa.selenium.support.events.EventFiringWebDriver.lambda$new$0(EventFiringWebDriver.java:84)
at com.sun.proxy.$Proxy18.onException(Unknown Source)
at org.openqa.selenium.support.events.EventFiringWebDriver.lambda$new$1(EventFiringWebDriver.java:107)
at com.sun.proxy.$Proxy19.getScreenshotAs(Unknown Source)
at org.openqa.selenium.support.events.EventFiringWebDriver.getScreenshotAs(EventFiringWebDriver.java:302)
at com.crm.qa.util.TestUtil.takeScreenshotAtEndOfTest(TestUtil.java:116)
at com.crm.qa.util.WebEventListener.onException(WebEventListener.java:68)
at sun.reflect.GeneratedMethodAccessor44.invoke(Unknown Source)
at sun.reflect.DelegatingMethodAccessorImpl.invoke(Unknown Source)
at java.lang.reflect.Method.invoke(Unknown Source)
at org.openqa.selenium.support.events.EventFiringWebDriver.lambda$new$0(EventFiringWebDriver.java:84)
at com.sun.proxy.$Proxy18.onException(Unknown Source)
at org.openqa.selenium.support.events.EventFiringWebDriver.lambda$new$1(EventFiringWebDriver.java:107)
at com.sun.proxy.$Proxy19.getScreenshotAs(Unknown Source)
at org.openqa.selenium.support.events.EventFiringWebDriver.getScreenshotAs(EventFiringWebDriver.java:302)
at com.crm.qa.util.TestUtil.takeScreenshotAtEndOfTest(TestUtil.java:116)
at com.crm.qa.util.WebEventListener.onException(WebEventListener.java:68)
at sun.reflect.GeneratedMethodAccessor44.invoke(Unknown Source)
at sun.reflect.DelegatingMethodAccessorImpl.invoke(Unknown Source)
at java.lang.reflect.Method.invoke(Unknown Source)
at org.openqa.selenium.support.events.EventFiringWebDriver.lambda$new$0(EventFiringWebDriver.java:84)
at com.sun.proxy.$Proxy18.onException(Unknown Source)
at org.openqa.selenium.support.events.EventFiringWebDriver.lambda$new$1(EventFiringWebDriver.java:107)
at com.sun.proxy.$Proxy19.getScreenshotAs(Unknown Source)
at org.openqa.selenium.support.events.EventFiringWebDriver.getScreenshotAs(EventFiringWebDriver.java:302)
at com.crm.qa.util.TestUtil.takeScreenshotAtEndOfTest(TestUtil.java:116)
at com.crm.qa.util.WebEventListener.onException(WebEventListener.java:68)
at sun.reflect.GeneratedMethodAccessor44.invoke(Unknown Source)
at sun.reflect.DelegatingMethodAccessorImpl.invoke(Unknown Source)
at java.lang.reflect.Method.invoke(Unknown Source)
at org.openqa.selenium.support.events.EventFiringWebDriver.lambda$new$0(EventFiringWebDriver.java:84)
at com.sun.proxy.$Proxy18.onException(Unknown Source)
at org.openqa.selenium.support.events.EventFiringWebDriver.lambda$new$1(EventFiringWebDriver.java:107)
at com.sun.proxy.$Proxy19.getScreenshotAs(Unknown Source)
at org.openqa.selenium.support.events.EventFiringWebDriver.getScreenshotAs(EventFiringWebDriver.java:302)
at com.crm.qa.util.TestUtil.takeScreenshotAtEndOfTest(TestUtil.java:116)
at com.crm.qa.util.WebEventListener.onException(WebEventListener.java:68)
at sun.reflect.GeneratedMethodAccessor44.invoke(Unknown Source)
at sun.reflect.DelegatingMethodAccessorImpl.invoke(Unknown Source)
at java.lang.reflect.Method.invoke(Unknown Source)
at org.openqa.selenium.support.events.EventFiringWebDriver.lambda$new$0(EventFiringWebDriver.java:84)
at com.sun.proxy.$Proxy18.onException(Unknown Source)
at org.openqa.selenium.support.events.EventFiringWebDriver.lambda$new$1(EventFiringWebDriver.java:107)
at com.sun.proxy.$Proxy19.getScreenshotAs(Unknown Source)
at org.openqa.selenium.support.events.EventFiringWebDriver.getScreenshotAs(EventFiringWebDriver.java:302)
at com.crm.qa.util.TestUtil.takeScreenshotAtEndOfTest(TestUtil.java:116)
at com.crm.qa.util.WebEventListener.onException(WebEventListener.java:68)
at sun.reflect.GeneratedMethodAccessor44.invoke(Unknown Source)
at sun.reflect.DelegatingMethodAccessorImpl.invoke(Unknown Source)
at java.lang.reflect.Method.invoke(Unknown Source)
at org.openqa.selenium.support.events.EventFiringWebDriver.lambda$new$0(EventFiringWebDriver.java:84)
at com.sun.proxy.$Proxy18.onException(Unknown Source)
at org.openqa.selenium.support.events.EventFiringWebDriver.lambda$new$1(EventFiringWebDriver.java:107)
at com.sun.proxy.$Proxy19.getScreenshotAs(Unknown Source)
at org.openqa.selenium.support.events.EventFiringWebDriver.getScreenshotAs(EventFiringWebDriver.java:302)
at com.crm.qa.util.TestUtil.takeScreenshotAtEndOfTest(TestUtil.java:116)
at com.crm.qa.util.WebEventListener.onException(WebEventListener.java:68)
at sun.reflect.GeneratedMethodAccessor44.invoke(Unknown Source)
at sun.reflect.DelegatingMethodAccessorImpl.invoke(Unknown Source)
at java.lang.reflect.Method.invoke(Unknown Source)
at org.openqa.selenium.support.events.EventFiringWebDriver.lambda$new$0(EventFiringWebDriver.java:84)
at com.sun.proxy.$Proxy18.onException(Unknown Source)
at org.openqa.selenium.support.events.EventFiringWebDriver.lambda$new$1(EventFiringWebDriver.java:107)
at com.sun.proxy.$Proxy19.getScreenshotAs(Unknown Source)
at org.openqa.selenium.support.events.EventFiringWebDriver.getScreenshotAs(EventFiringWebDriver.java:302)
at com.crm.qa.util.TestUtil.takeScreenshotAtEndOfTest(TestUtil.java:116)
at com.crm.qa.util.WebEventListener.onException(WebEventListener.java:68)
at sun.reflect.GeneratedMethodAccessor44.invoke(Unknown Source)
at sun.reflect.DelegatingMethodAccessorImpl.invoke(Unknown Source)
at java.lang.reflect.Method.invoke(Unknown Source)
at org.openqa.selenium.support.events.EventFiringWebDriver.lambda$new$0(EventFiringWebDriver.java:84)
at com.sun.proxy.$Proxy18.onException(Unknown Source)
at org.openqa.selenium.support.events.EventFiringWebDriver.lambda$new$1(EventFiringWebDriver.java:107)
at com.sun.proxy.$Proxy19.getScreenshotAs(Unknown Source)
at org.openqa.selenium.support.events.EventFiringWebDriver.getScreenshotAs(EventFiringWebDriver.java:302)
at com.crm.qa.util.TestUtil.takeScreenshotAtEndOfTest(TestUtil.java:116)
at com.crm.qa.util.WebEventListener.onException(WebEventListener.java:68)
at sun.reflect.GeneratedMethodAccessor44.invoke(Unknown Source)
at sun.reflect.DelegatingMethodAccessorImpl.invoke(Unknown Source)
at java.lang.reflect.Method.invoke(Unknown Source)
at org.openqa.selenium.support.events.EventFiringWebDriver.lambda$new$0(EventFiringWebDriver.java:84)
at com.sun.proxy.$Proxy18.onException(Unknown Source)
at org.openqa.selenium.support.events.EventFiringWebDriver.lambda$new$1(EventFiringWebDriver.java:107)
at com.sun.proxy.$Proxy19.getScreenshotAs(Unknown Source)
at org.openqa.selenium.support.events.EventFiringWebDriver.getScreenshotAs(EventFiringWebDriver.java:302)
at com.crm.qa.util.TestUtil.takeScreenshotAtEndOfTest(TestUtil.java:116)
at com.crm.qa.util.WebEventListener.onException(WebEventListener.java:68)
at sun.reflect.GeneratedMethodAccessor44.invoke(Unknown Source)
at sun.reflect.DelegatingMethodAccessorImpl.invoke(Unknown Source)
at java.lang.reflect.Method.invoke(Unknown Source)
at org.openqa.selenium.support.events.EventFiringWebDriver.lambda$new$0(EventFiringWebDriver.java:84)
at com.sun.proxy.$Proxy18.onException(Unknown Source)
at org.openqa.selenium.support.events.EventFiringWebDriver.lambda$new$1(EventFiringWebDriver.java:107)
at com.sun.proxy.$Proxy19.getScreenshotAs(Unknown Source)
at org.openqa.selenium.support.events.EventFiringWebDriver.getScreenshotAs(EventFiringWebDriver.java:302)
at com.crm.qa.util.TestUtil.takeScreenshotAtEndOfTest(TestUtil.java:116)
at com.crm.qa.util.WebEventListener.onException(WebEventListener.java:68)
at sun.reflect.GeneratedMethodAccessor44.invoke(Unknown Source)
at sun.reflect.DelegatingMethodAccessorImpl.invoke(Unknown Source)
at java.lang.reflect.Method.invoke(Unknown Source)
at org.openqa.selenium.support.events.EventFiringWebDriver.lambda$new$0(EventFiringWebDriver.java:84)
at com.sun.proxy.$Proxy18.onException(Unknown Source)
at org.openqa.selenium.support.events.EventFiringWebDriver.lambda$new$1(EventFiringWebDriver.java:107)
at com.sun.proxy.$Proxy19.getScreenshotAs(Unknown Source)
at org.openqa.selenium.support.events.EventFiringWebDriver.getScreenshotAs(EventFiringWebDriver.java:302)
at com.crm.qa.util.TestUtil.takeScreenshotAtEndOfTest(TestUtil.java:116)
at com.crm.qa.util.WebEventListener.onException(WebEventListener.java:68)
at sun.reflect.GeneratedMethodAccessor44.invoke(Unknown Source)
at sun.reflect.DelegatingMethodAccessorImpl.invoke(Unknown Source)
at java.lang.reflect.Method.invoke(Unknown Source)
at org.openqa.selenium.support.events.EventFiringWebDriver.lambda$new$0(EventFiringWebDriver.java:84)
at com.sun.proxy.$Proxy18.onException(Unknown Source)
at org.openqa.selenium.support.events.EventFiringWebDriver.lambda$new$1(EventFiringWebDriver.java:107)
at com.sun.proxy.$Proxy19.getScreenshotAs(Unknown Source)
at org.openqa.selenium.support.events.EventFiringWebDriver.getScreenshotAs(EventFiringWebDriver.java:302)
at com.crm.qa.util.TestUtil.takeScreenshotAtEndOfTest(TestUtil.java:116)
at com.crm.qa.util.WebEventListener.onException(WebEventListener.java:68)
at sun.reflect.GeneratedMethodAccessor44.invoke(Unknown Source)
at sun.reflect.DelegatingMethodAccessorImpl.invoke(Unknown Source)
at java.lang.reflect.Method.invoke(Unknown Source)
at org.openqa.selenium.support.events.EventFiringWebDriver.lambda$new$0(EventFiringWebDriver.java:84)
at com.sun.proxy.$Proxy18.onException(Unknown Source)
]]>
    </error>
  </testcase> <!-- loginPageTileTest -->
  <system-out/>
  <testcase name="classicCRMlnkTest" time="0.087" classname="com.crm.qa.testcases.LoginPageTest">
    <error type="java.lang.NullPointerException">
      <![CDATA[java.lang.NullPointerException
at com.crm.qa.testcases.LoginPageTest.classicCRMlnkTest(LoginPageTest.java:138)
at sun.reflect.NativeMethodAccessorImpl.invoke0(Native Method)
at sun.reflect.NativeMethodAccessorImpl.invoke(Unknown Source)
at sun.reflect.DelegatingMethodAccessorImpl.invoke(Unknown Source)
at java.lang.reflect.Method.invoke(Unknown Source)
at org.testng.internal.MethodInvocationHelper.invokeMethod(MethodInvocationHelper.java:132)
at org.testng.internal.TestInvoker.invokeMethod(TestInvoker.java:599)
at org.testng.internal.TestInvoker.invokeTestMethod(TestInvoker.java:174)
at org.testng.internal.MethodRunner.runInSequence(MethodRunner.java:46)
at org.testng.internal.TestInvoker$MethodInvocationAgent.invoke(TestInvoker.java:822)
at org.testng.internal.TestInvoker.invokeTestMethods(TestInvoker.java:147)
at org.testng.internal.TestMethodWorker.invokeTestMethods(TestMethodWorker.java:146)
at org.testng.internal.TestMethodWorker.run(TestMethodWorker.java:128)
at java.util.ArrayList.forEach(Unknown Source)
at org.testng.TestRunner.privateRun(TestRunner.java:764)
at org.testng.TestRunner.run(TestRunner.java:585)
at org.testng.SuiteRunner.runTest(SuiteRunner.java:384)
at org.testng.SuiteRunner.runSequentially(SuiteRunner.java:378)
at org.testng.SuiteRunner.privateRun(SuiteRunner.java:337)
at org.testng.SuiteRunner.run(SuiteRunner.java:286)
at org.testng.SuiteRunnerWorker.runSuite(SuiteRunnerWorker.java:53)
at org.testng.SuiteRunnerWorker.run(SuiteRunnerWorker.java:96)
at org.testng.TestNG.runSuitesSequentially(TestNG.java:1218)
at org.testng.TestNG.runSuitesLocally(TestNG.java:1140)
at org.testng.TestNG.runSuites(TestNG.java:1069)
at org.testng.TestNG.run(TestNG.java:1037)
at org.testng.remote.AbstractRemoteTestNG.run(AbstractRemoteTestNG.java:115)
at org.testng.remote.RemoteTestNG.initAndRun(RemoteTestNG.java:251)
at org.testng.remote.RemoteTestNG.main(RemoteTestNG.java:77)
]]>
    </error>
  </testcase> <!-- classicCRMlnkTest -->
  <system-out/>
  <testcase name="loginTest" time="0.571" classname="com.crm.qa.testcases.LoginPageTest">
    <error type="java.lang.NullPointerException">
      <![CDATA[java.lang.NullPointerException
at com.crm.qa.testcases.LoginPageTest.loginTest(LoginPageTest.java:171)
at sun.reflect.NativeMethodAccessorImpl.invoke0(Native Method)
at sun.reflect.NativeMethodAccessorImpl.invoke(Unknown Source)
at sun.reflect.DelegatingMethodAccessorImpl.invoke(Unknown Source)
at java.lang.reflect.Method.invoke(Unknown Source)
at org.testng.internal.MethodInvocationHelper.invokeMethod(MethodInvocationHelper.java:132)
at org.testng.internal.TestInvoker.invokeMethod(TestInvoker.java:599)
at org.testng.internal.TestInvoker.invokeTestMethod(TestInvoker.java:174)
at org.testng.internal.MethodRunner.runInSequence(MethodRunner.java:46)
at org.testng.internal.TestInvoker$MethodInvocationAgent.invoke(TestInvoker.java:822)
at org.testng.internal.TestInvoker.invokeTestMethods(TestInvoker.java:147)
at org.testng.internal.TestMethodWorker.invokeTestMethods(TestMethodWorker.java:146)
at org.testng.internal.TestMethodWorker.run(TestMethodWorker.java:128)
at java.util.ArrayList.forEach(Unknown Source)
at org.testng.TestRunner.privateRun(TestRunner.java:764)
at org.testng.TestRunner.run(TestRunner.java:585)
at org.testng.SuiteRunner.runTest(SuiteRunner.java:384)
at org.testng.SuiteRunner.runSequentially(SuiteRunner.java:378)
at org.testng.SuiteRunner.privateRun(SuiteRunner.java:337)
at org.testng.SuiteRunner.run(SuiteRunner.java:286)
at org.testng.SuiteRunnerWorker.runSuite(SuiteRunnerWorker.java:53)
at org.testng.SuiteRunnerWorker.run(SuiteRunnerWorker.java:96)
at org.testng.TestNG.runSuitesSequentially(TestNG.java:1218)
at org.testng.TestNG.runSuitesLocally(TestNG.java:1140)
at org.testng.TestNG.runSuites(TestNG.java:1069)
at org.testng.TestNG.run(TestNG.java:1037)
at org.testng.remote.AbstractRemoteTestNG.run(AbstractRemoteTestNG.java:115)
at org.testng.remote.RemoteTestNG.initAndRun(RemoteTestNG.java:251)
at org.testng.remote.RemoteTestNG.main(RemoteTestNG.java:77)
]]>
    </error>
  </testcase> <!-- loginTest -->
  <system-out/>
</testsuite> <!-- com.crm.qa.testcases.LoginPageTest -->
